<?xml version="1.0" encoding="UTF-8"?>
<!-- Generated by org.testng.reporters.JUnitReportReporter -->
<testsuite hostname="DESKTOP-DIVO7UN" failures="0" tests="1" name="testassertions.AssertnotEquals" time="0.021" errors="0" timestamp="2024-08-15T22:22:51 IST" skipped="0">
  <testcase classname="testassertions.AssertnotEquals" name="test" time="0.021"/>
  <system-out/>
</testsuite> <!-- testassertions.AssertnotEquals -->
