<?xml version="1.0" encoding="UTF-8"?>
<!-- Generated by org.testng.reporters.JUnitReportReporter -->
<testsuite hostname="DESKTOP-DIVO7UN" failures="0" tests="2" name="testng.MultipleBrowsing" time="27.374" errors="0" timestamp="2024-08-15T22:06:13 IST" skipped="0">
  <testcase classname="testng.MultipleBrowsing" name="TC1" time="9.150"/>
  <system-out/>
  <testcase classname="testng.MultipleBrowsing" name="TC1" time="18.224"/>
  <system-out/>
</testsuite> <!-- testng.MultipleBrowsing -->
