<?xml version="1.0" encoding="UTF-8"?>
<!-- Generated by org.testng.reporters.JUnitReportReporter -->
<testsuite hostname="DESKTOP-DIVO7UN" failures="0" tests="4" name="testng.Groupwiseannotations" time="0.020" errors="0" timestamp="2024-08-13T22:43:18 IST" skipped="0">
  <testcase classname="testng.Groupwiseannotations" name="Wipro" time="0.002"/>
  <system-out>
    <![CDATA[Wipro]]>
  </system-out>
  <testcase classname="testng.Groupwiseannotations" name="Infosys" time="0.014"/>
  <system-out>
    <![CDATA[Infosys]]>
  </system-out>
  <testcase classname="testng.Groupwiseannotations" name="magna" time="0.002"/>
  <system-out>
    <![CDATA[magna]]>
  </system-out>
  <testcase classname="testng.Groupwiseannotations" name="posco" time="0.002"/>
  <system-out>
    <![CDATA[posco]]>
  </system-out>
</testsuite> <!-- testng.Groupwiseannotations -->
