<?xml version="1.0" encoding="UTF-8"?>
<!-- Generated by org.testng.reporters.JUnitReportReporter -->
<testsuite hostname="DESKTOP-DIVO7UN" failures="0" tests="3" name="testng.Description" time="0.018" errors="0" timestamp="2024-08-12T23:11:42 IST" skipped="0">
  <testcase classname="testng.Description" name="TC1" time="0.015"/>
  <system-out>
    <![CDATA[TC1 execution]]>
  </system-out>
  <testcase classname="testng.Description" name="TC3" time="0.002"/>
  <system-out>
    <![CDATA[TC3 execution]]>
  </system-out>
  <testcase classname="testng.Description" name="TC2" time="0.001"/>
  <system-out>
    <![CDATA[TC2 execution]]>
  </system-out>
</testsuite> <!-- testng.Description -->
