<?xml version="1.0" encoding="UTF-8"?>
<!-- Generated by org.testng.reporters.JUnitReportReporter -->
<testsuite hostname="DESKTOP-DIVO7UN" failures="0" tests="1" name="testassertions.Asserttrue" time="0.019" errors="0" timestamp="2024-08-15T22:44:24 IST" skipped="0">
  <testcase classname="testassertions.Asserttrue" name="TC" time="0.019"/>
  <system-out/>
</testsuite> <!-- testassertions.Asserttrue -->
