<?xml version="1.0" encoding="UTF-8"?>
<!-- Generated by org.testng.reporters.JUnitReportReporter -->
<testsuite hostname="DESKTOP-DIVO7UN" failures="0" tests="3" name="testng.Enabled" time="0.014" errors="0" timestamp="2024-08-12T22:17:38 IST" skipped="1">
  <testcase classname="testng.Enabled" name="TC2" time="0.012"/>
  <system-out>
    <![CDATA[TC2 execution]]>
  </system-out>
  <testcase classname="testng.Enabled" name="TC3" time="0.002"/>
  <system-out>
    <![CDATA[TC3 execution]]>
  </system-out>
  <testcase classname="testng.Enabled" name="TC1">
    <skipped/>
  </testcase> <!-- TC1 -->
  <system-out/>
</testsuite> <!-- testng.Enabled -->
