<?xml version="1.0" encoding="UTF-8"?>
<!-- Generated by org.testng.reporters.JUnitReportReporter -->
<testsuite hostname="DESKTOP-DIVO7UN" failures="0" tests="5" name="testng.Invocationcount" time="0.021" errors="0" timestamp="2024-08-12T21:57:19 IST" skipped="0">
  <testcase classname="testng.Invocationcount" name="TC1" time="0.000"/>
  <system-out>
    <![CDATA[Multiple execution Test Case]]>
  </system-out>
  <testcase classname="testng.Invocationcount" name="TC1" time="0.001"/>
  <system-out>
    <![CDATA[Multiple execution Test Case]]>
  </system-out>
  <testcase classname="testng.Invocationcount" name="TC1" time="0.004"/>
  <system-out>
    <![CDATA[Multiple execution Test Case]]>
  </system-out>
  <testcase classname="testng.Invocationcount" name="TC1" time="0.015"/>
  <system-out>
    <![CDATA[Multiple execution Test Case]]>
  </system-out>
  <testcase classname="testng.Invocationcount" name="TC1" time="0.001"/>
  <system-out>
    <![CDATA[Multiple execution Test Case]]>
  </system-out>
</testsuite> <!-- testng.Invocationcount -->
