<?xml version="1.0" encoding="UTF-8"?>
<!-- Generated by org.testng.reporters.JUnitReportReporter -->
<testsuite hostname="DESKTOP-DIVO7UN" failures="0" tests="3" name="testng.Dependsonmethod" time="0.028" errors="0" timestamp="2024-08-13T22:06:01 IST" skipped="0">
  <testcase classname="testng.Dependsonmethod" name="TestCase2" time="0.024"/>
  <system-out>
    <![CDATA[Web Login test case]]>
  </system-out>
  <testcase classname="testng.Dependsonmethod" name="TestCase1" time="0.001"/>
  <system-out>
    <![CDATA[Mobile Login test case]]>
  </system-out>
  <testcase classname="testng.Dependsonmethod" name="TestCase3" time="0.003"/>
  <system-out>
    <![CDATA[PC Login test case]]>
  </system-out>
</testsuite> <!-- testng.Dependsonmethod -->
