<?xml version="1.0" encoding="UTF-8"?>
<!-- Generated by org.testng.reporters.JUnitReportReporter -->
<testsuite hostname="DESKTOP-DIVO7UN" failures="0" tests="3" name="testng.Priority" time="0.015" errors="0" timestamp="2024-08-12T22:13:56 IST" skipped="0">
  <testcase classname="testng.Priority" name="TC1" time="0.013"/>
  <system-out>
    <![CDATA[TC1 execution]]>
  </system-out>
  <testcase classname="testng.Priority" name="TC2" time="0.001"/>
  <system-out>
    <![CDATA[TC2 execution]]>
  </system-out>
  <testcase classname="testng.Priority" name="TC3" time="0.001"/>
  <system-out>
    <![CDATA[TC3 execution]]>
  </system-out>
</testsuite> <!-- testng.Priority -->
