<?xml version="1.0" encoding="UTF-8"?>
<!-- Generated by org.testng.reporters.JUnitReportReporter -->
<testsuite hostname="DESKTOP-DIVO7UN" failures="0" tests="1" name="testng.TestNG1" time="0.022" errors="0" timestamp="2024-08-10T21:47:31 IST" skipped="0">
  <testcase classname="testng.TestNG1" name="car" time="0.022"/>
  <system-out>
    <![CDATA[BMW]]>
  </system-out>
</testsuite> <!-- testng.TestNG1 -->
