<?xml version="1.0" encoding="UTF-8"?>
<!-- Generated by org.testng.reporters.JUnitReportReporter -->
<testsuite hostname="DESKTOP-DIVO7UN" failures="0" tests="1" name="testng.ParralelB" time="5.512" errors="0" timestamp="2024-08-14T22:44:18 IST" skipped="0">
  <testcase classname="testng.ParralelB" name="TC2" time="5.512"/>
  <system-out/>
</testsuite> <!-- testng.ParralelB -->
