<?xml version="1.0" encoding="UTF-8"?>
<!-- Generated by org.testng.reporters.JUnitReportReporter -->
<testsuite hostname="DESKTOP-DIVO7UN" failures="0" tests="2" name="testng.TestNG2" time="0.022" errors="0" timestamp="2024-08-10T21:59:07 IST" skipped="0">
  <testcase classname="testng.TestNG2" name="TC1" time="0.021"/>
  <system-out>
    <![CDATA[Running from TC1]]>
  </system-out>
  <testcase classname="testng.TestNG2" name="TC2" time="0.001"/>
  <system-out>
    <![CDATA[Running from TC]]>
  </system-out>
</testsuite> <!-- testng.TestNG2 -->
