<?xml version="1.0" encoding="UTF-8"?>
<!-- Generated by org.testng.reporters.JUnitReportReporter -->
<testsuite hostname="DESKTOP-DIVO7UN" failures="0" tests="2" name="testng.Exclude" time="0.020" errors="0" timestamp="2024-08-13T22:55:19 IST" skipped="0">
  <testcase classname="testng.Exclude" name="TC2" time="0.017"/>
  <system-out>
    <![CDATA[Maharashtra]]>
  </system-out>
  <testcase classname="testng.Exclude" name="TC3" time="0.003"/>
  <system-out>
    <![CDATA[pune]]>
  </system-out>
</testsuite> <!-- testng.Exclude -->
